2025-05-15 11:27:30,758 - INFO - Añadir credencial - servicio: GitHub, usuario: user1
2025-05-15 11:27:31,160 - INFO - Credencial añadida - servicio: GitHub, usuario: user1
2025-05-15 11:27:31,160 - INFO - Añadir credencial - servicio: GitHub, usuario: user1
2025-05-15 11:27:31,558 - INFO - Añadir credencial - servicio: GitHub, usuario: user1
2025-05-15 11:27:31,956 - INFO - Credencial añadida - servicio: GitHub, usuario: user1
2025-05-15 11:27:32,164 - INFO - Añadir credencial - servicio: GitHub, usuario: user1
2025-05-15 11:27:32,574 - INFO - Credencial añadida - servicio: GitHub, usuario: user1
2025-05-15 11:27:32,574 - INFO - Eliminar credencial - servicio: GitHub, usuario: user1
2025-05-15 11:27:32,771 - INFO - Credencial eliminada - servicio: GitHub, usuario: user1
2025-05-15 11:27:32,985 - INFO - Eliminar credencial - servicio: NoExiste, usuario: user1
2025-05-15 11:27:33,410 - INFO - Añadir credencial - servicio: GitHub, usuario: user1
2025-05-15 11:27:33,812 - INFO - Credencial añadida - servicio: GitHub, usuario: user1
2025-05-15 11:27:33,812 - INFO - Añadir credencial - servicio: Google, usuario: user1
2025-05-15 11:27:34,213 - INFO - Credencial añadida - servicio: Google, usuario: user1
2025-05-15 11:27:34,213 - INFO - Añadir credencial - servicio: Outlook, usuario: user1
2025-05-15 11:27:34,607 - INFO - Credencial añadida - servicio: Outlook, usuario: user1
2025-05-15 11:27:34,607 - INFO - Listar servicios
2025-05-15 11:27:34,805 - INFO - Servicios listados: ['GitHub', 'Google', 'Outlook']
2025-05-15 11:27:35,013 - INFO - Listar servicios
2025-05-15 11:27:35,208 - INFO - Servicios listados: []
2025-05-15 11:27:35,410 - INFO - Añadir credencial - servicio: GitHub, usuario: user1
2025-05-15 11:27:35,807 - INFO - Credencial añadida - servicio: GitHub, usuario: user1
2025-05-15 11:27:35,808 - INFO - Verificar credencial - servicio: GitHub, usuario: user1
2025-05-15 11:27:36,221 - INFO - Resultado verificación: True - servicio: GitHub, usuario: user1
2025-05-15 11:27:36,221 - INFO - Verificar credencial - servicio: GitHub, usuario: user1
2025-05-15 11:27:36,619 - INFO - Resultado verificación: False - servicio: GitHub, usuario: user1
2025-05-15 11:27:36,817 - INFO - Verificar credencial - servicio: NoExiste, usuario: user1
2025-05-15 11:27:37,216 - INFO - Añadir credencial - servicio: GitHub, usuario: user1
2025-05-15 11:27:37,608 - INFO - Credencial añadida - servicio: GitHub, usuario: user1
2025-05-15 11:27:37,609 - INFO - Verificar credencial - servicio: GitHub, usuario: user1
2025-05-15 11:27:38,006 - INFO - Añadir credencial - servicio: serv;icio, usuario: user1
2025-05-15 11:27:38,207 - INFO - Añadir credencial - servicio: servicio|mal, usuario: user1
2025-05-15 11:27:38,405 - INFO - Añadir credencial - servicio: servicio&, usuario: user1
2025-05-15 11:27:38,606 - INFO - Añadir credencial - servicio: servicio'--, usuario: user1
2025-05-15 11:27:39,213 - INFO - Añadir credencial - servicio: GitHub_fuzz_1, usuario: user1
2025-05-15 11:27:39,699 - INFO - Añadir credencial - servicio: GitHub_fuzz_2, usuario: user1
2025-05-15 11:27:40,121 - INFO - Añadir credencial - servicio: GitHub_fuzz_3, usuario: user1
2025-05-15 11:27:40,530 - INFO - Añadir credencial - servicio: GitHub_fuzz_4, usuario: user1
2025-05-15 11:27:40,926 - INFO - Añadir credencial - servicio: GitHub_fuzz_5, usuario: user1
2025-05-15 11:27:41,325 - INFO - Añadir credencial - servicio: GitHub_fuzz_6, usuario: user1
2025-05-15 11:27:41,723 - INFO - Añadir credencial - servicio: GitHub_fuzz_7, usuario: user1
2025-05-15 11:27:42,127 - INFO - Añadir credencial - servicio: GitHub_fuzz_8, usuario: user1
2025-05-15 11:27:42,521 - INFO - Añadir credencial - servicio: GitHub_fuzz_9, usuario: user1
2025-05-15 11:27:42,954 - INFO - Añadir credencial - servicio: GitHub_fuzz_10, usuario: user1
2025-05-15 11:27:43,348 - INFO - Añadir credencial - servicio: GitHub_fuzz_11, usuario: user1
2025-05-15 11:27:43,751 - INFO - Añadir credencial - servicio: GitHub_fuzz_12, usuario: user1
2025-05-15 11:27:44,206 - INFO - Añadir credencial - servicio: GitHub_fuzz_13, usuario: user1
2025-05-15 11:27:44,632 - INFO - Añadir credencial - servicio: GitHub_fuzz_14, usuario: user1
2025-05-15 11:27:45,054 - INFO - Añadir credencial - servicio: GitHub_fuzz_15, usuario: user1
2025-05-15 11:27:45,451 - INFO - Añadir credencial - servicio: GitHub_fuzz_16, usuario: user1
2025-05-15 11:27:45,848 - INFO - Añadir credencial - servicio: GitHub_fuzz_17, usuario: user1
2025-05-15 11:27:46,249 - INFO - Añadir credencial - servicio: GitHub_fuzz_18, usuario: user1
2025-05-15 11:27:46,644 - INFO - Añadir credencial - servicio: GitHub_fuzz_19, usuario: user1
2025-05-15 11:27:47,045 - INFO - Añadir credencial - servicio: GitHub_fuzz_20, usuario: user1
2025-05-15 11:27:47,426 - INFO - Añadir credencial - servicio: GitHub_fuzz_21, usuario: user1
2025-05-15 11:27:47,803 - INFO - Añadir credencial - servicio: GitHub_fuzz_22, usuario: user1
2025-05-15 11:27:48,185 - INFO - Añadir credencial - servicio: GitHub_fuzz_23, usuario: user1
2025-05-15 11:27:48,567 - INFO - Añadir credencial - servicio: GitHub_fuzz_24, usuario: user1
2025-05-15 11:27:48,952 - INFO - Añadir credencial - servicio: GitHub_fuzz_25, usuario: user1
2025-05-15 11:27:49,332 - INFO - Añadir credencial - servicio: GitHub_fuzz_26, usuario: user1
2025-05-15 11:27:49,717 - INFO - Añadir credencial - servicio: GitHub_fuzz_27, usuario: user1
2025-05-15 11:27:50,094 - INFO - Añadir credencial - servicio: GitHub_fuzz_28, usuario: user1
2025-05-15 11:27:50,474 - INFO - Añadir credencial - servicio: GitHub_fuzz_29, usuario: user1
2025-05-15 11:27:50,892 - INFO - Añadir credencial - servicio: GitHub_fuzz_30, usuario: user1
2025-05-15 11:27:51,278 - INFO - Añadir credencial - servicio: GitHub_fuzz_31, usuario: user1
2025-05-15 11:27:51,686 - INFO - Añadir credencial - servicio: GitHub_fuzz_32, usuario: user1
2025-05-15 11:27:52,071 - INFO - Añadir credencial - servicio: GitHub_fuzz_33, usuario: user1
2025-05-15 11:27:52,466 - INFO - Añadir credencial - servicio: GitHub_fuzz_34, usuario: user1
2025-05-15 11:27:52,845 - INFO - Añadir credencial - servicio: GitHub_fuzz_35, usuario: user1
2025-05-15 11:27:53,232 - INFO - Añadir credencial - servicio: GitHub_fuzz_36, usuario: user1
2025-05-15 11:27:53,615 - INFO - Añadir credencial - servicio: GitHub_fuzz_37, usuario: user1
2025-05-15 11:27:53,990 - INFO - Añadir credencial - servicio: GitHub_fuzz_38, usuario: user1
2025-05-15 11:27:54,369 - INFO - Añadir credencial - servicio: GitHub_fuzz_39, usuario: user1
2025-05-15 11:27:54,752 - INFO - Añadir credencial - servicio: GitHub_fuzz_40, usuario: user1
2025-05-15 11:27:55,135 - INFO - Añadir credencial - servicio: GitHub_fuzz_41, usuario: user1
2025-05-15 11:27:55,520 - INFO - Añadir credencial - servicio: GitHub_fuzz_42, usuario: user1
2025-05-15 11:27:55,904 - INFO - Añadir credencial - servicio: GitHub_fuzz_43, usuario: user1
2025-05-15 11:27:56,292 - INFO - Añadir credencial - servicio: GitHub_fuzz_44, usuario: user1
2025-05-15 11:27:56,671 - INFO - Añadir credencial - servicio: GitHub_fuzz_45, usuario: user1
2025-05-15 11:27:57,048 - INFO - Añadir credencial - servicio: GitHub_fuzz_46, usuario: user1
2025-05-15 11:27:57,426 - INFO - Añadir credencial - servicio: GitHub_fuzz_47, usuario: user1
2025-05-15 11:27:57,809 - INFO - Añadir credencial - servicio: GitHub_fuzz_48, usuario: user1
2025-05-15 11:27:58,185 - INFO - Añadir credencial - servicio: GitHub_fuzz_49, usuario: user1
2025-05-15 11:27:58,568 - INFO - Añadir credencial - servicio: GitHub_fuzz_50, usuario: user1
2025-05-15 11:27:58,949 - INFO - Añadir credencial - servicio: GitHub_fuzz_51, usuario: user1
2025-05-15 11:27:59,387 - INFO - Añadir credencial - servicio: GitHub_fuzz_52, usuario: user1
2025-05-15 11:27:59,821 - INFO - Añadir credencial - servicio: GitHub_fuzz_53, usuario: user1
2025-05-15 11:28:00,258 - INFO - Añadir credencial - servicio: GitHub_fuzz_54, usuario: user1
2025-05-15 11:28:00,664 - INFO - Añadir credencial - servicio: GitHub_fuzz_55, usuario: user1
2025-05-15 11:28:01,048 - INFO - Añadir credencial - servicio: GitHub_fuzz_56, usuario: user1
2025-05-15 11:28:01,429 - INFO - Añadir credencial - servicio: GitHub_fuzz_57, usuario: user1
2025-05-15 11:28:01,815 - INFO - Añadir credencial - servicio: GitHub_fuzz_58, usuario: user1
2025-05-15 11:28:02,197 - INFO - Añadir credencial - servicio: GitHub_fuzz_59, usuario: user1
2025-05-15 11:28:02,650 - INFO - Añadir credencial - servicio: GitHub_fuzz_60, usuario: user1
2025-05-15 11:28:03,063 - INFO - Añadir credencial - servicio: GitHub_fuzz_61, usuario: user1
2025-05-15 11:28:03,478 - INFO - Añadir credencial - servicio: GitHub_fuzz_62, usuario: user1
2025-05-15 11:28:03,913 - INFO - Añadir credencial - servicio: GitHub_fuzz_63, usuario: user1
2025-05-15 11:28:04,342 - INFO - Añadir credencial - servicio: GitHub_fuzz_64, usuario: user1
2025-05-15 11:28:04,747 - INFO - Añadir credencial - servicio: GitHub_fuzz_65, usuario: user1
2025-05-15 11:28:05,151 - INFO - Añadir credencial - servicio: GitHub_fuzz_66, usuario: user1
2025-05-15 11:28:05,532 - INFO - Añadir credencial - servicio: GitHub_fuzz_67, usuario: user1
2025-05-15 11:28:05,944 - INFO - Añadir credencial - servicio: GitHub_fuzz_68, usuario: user1
2025-05-15 11:28:06,365 - INFO - Credencial añadida - servicio: GitHub_fuzz_68, usuario: user1
2025-05-15 11:28:06,579 - INFO - Añadir credencial - servicio: GitHub_fuzz_69, usuario: user1
2025-05-15 11:28:06,990 - INFO - Añadir credencial - servicio: GitHub_fuzz_70, usuario: user1
2025-05-15 11:28:07,400 - INFO - Añadir credencial - servicio: GitHub_fuzz_71, usuario: user1
2025-05-15 11:28:07,807 - INFO - Añadir credencial - servicio: GitHub_fuzz_72, usuario: user1
2025-05-15 11:28:08,249 - INFO - Añadir credencial - servicio: GitHub_fuzz_73, usuario: user1
2025-05-15 11:28:08,665 - INFO - Añadir credencial - servicio: GitHub_fuzz_74, usuario: user1
2025-05-15 11:28:09,069 - INFO - Añadir credencial - servicio: GitHub_fuzz_75, usuario: user1
2025-05-15 11:28:09,476 - INFO - Añadir credencial - servicio: GitHub_fuzz_76, usuario: user1
2025-05-15 11:28:09,893 - INFO - Añadir credencial - servicio: GitHub_fuzz_77, usuario: user1
2025-05-15 11:28:10,306 - INFO - Añadir credencial - servicio: GitHub_fuzz_78, usuario: user1
2025-05-15 11:28:10,720 - INFO - Añadir credencial - servicio: GitHub_fuzz_79, usuario: user1
2025-05-15 11:28:11,143 - INFO - Añadir credencial - servicio: GitHub_fuzz_80, usuario: user1
2025-05-15 11:28:11,563 - INFO - Añadir credencial - servicio: GitHub_fuzz_81, usuario: user1
2025-05-15 11:28:11,969 - INFO - Añadir credencial - servicio: GitHub_fuzz_82, usuario: user1
2025-05-15 11:28:12,353 - INFO - Añadir credencial - servicio: GitHub_fuzz_83, usuario: user1
2025-05-15 11:28:12,750 - INFO - Añadir credencial - servicio: GitHub_fuzz_84, usuario: user1
2025-05-15 11:28:13,145 - INFO - Añadir credencial - servicio: GitHub_fuzz_85, usuario: user1
2025-05-15 11:28:13,527 - INFO - Añadir credencial - servicio: GitHub_fuzz_86, usuario: user1
2025-05-15 11:28:13,907 - INFO - Añadir credencial - servicio: GitHub_fuzz_87, usuario: user1
2025-05-15 11:28:14,291 - INFO - Añadir credencial - servicio: GitHub_fuzz_88, usuario: user1
2025-05-15 11:28:14,674 - INFO - Añadir credencial - servicio: GitHub_fuzz_89, usuario: user1
2025-05-15 11:28:15,054 - INFO - Añadir credencial - servicio: GitHub_fuzz_90, usuario: user1
2025-05-15 11:28:15,447 - INFO - Añadir credencial - servicio: GitHub_fuzz_91, usuario: user1
2025-05-15 11:28:15,861 - INFO - Añadir credencial - servicio: GitHub_fuzz_92, usuario: user1
2025-05-15 11:28:16,303 - INFO - Añadir credencial - servicio: GitHub_fuzz_93, usuario: user1
2025-05-15 11:28:16,700 - INFO - Añadir credencial - servicio: GitHub_fuzz_94, usuario: user1
2025-05-15 11:28:17,094 - INFO - Añadir credencial - servicio: GitHub_fuzz_95, usuario: user1
2025-05-15 11:28:17,489 - INFO - Añadir credencial - servicio: GitHub_fuzz_96, usuario: user1
2025-05-15 11:28:17,879 - INFO - Añadir credencial - servicio: GitHub_fuzz_97, usuario: user1
2025-05-15 11:28:18,267 - INFO - Añadir credencial - servicio: GitHub_fuzz_98, usuario: user1
2025-05-15 11:28:18,657 - INFO - Añadir credencial - servicio: GitHub_fuzz_99, usuario: user1
2025-05-15 11:28:19,099 - INFO - Añadir credencial - servicio: GitHub_fuzz_100, usuario: user1
2025-05-15 11:28:19,488 - INFO - Añadir credencial - servicio: GitHub, usuario: user1
2025-05-15 11:28:19,889 - INFO - Credencial añadida - servicio: GitHub, usuario: user1
2025-05-15 11:28:19,889 - INFO - Listar servicios
2025-05-15 11:28:20,082 - INFO - Servicios listados: ['GitHub']
2025-05-15 11:28:20,272 - INFO - Añadir credencial - servicio: GitHub, usuario: user1
2025-05-15 11:28:20,651 - INFO - Credencial añadida - servicio: GitHub, usuario: user1
2025-05-15 11:28:20,651 - INFO - Añadir credencial - servicio: GitHub, usuario: user1
2025-05-15 11:28:21,036 - INFO - Añadir credencial - servicio: GitHub, usuario: user1
2025-05-15 11:28:21,416 - INFO - Añadir credencial - servicio: , usuario: user1
2025-05-15 11:28:21,800 - INFO - Añadir credencial - servicio: GitHub, usuario: 
2025-05-15 11:28:22,185 - INFO - Añadir credencial - servicio: GitHub, usuario: user1
2025-05-15 11:28:22,565 - INFO - Credencial añadida - servicio: GitHub, usuario: user1
2025-05-15 11:28:22,566 - INFO - Eliminar credencial - servicio: GitHub, usuario: user1
2025-05-15 11:28:22,946 - INFO - Listar servicios
2025-05-15 11:28:23,326 - INFO - Añadir credencial - servicio: GitHub, usuario: user1
2025-05-15 11:28:23,708 - INFO - Credencial añadida - servicio: GitHub, usuario: user1
2025-05-15 11:28:23,898 - INFO - Añadir credencial - servicio: GitHub, usuario: user1
2025-05-15 11:28:24,278 - INFO - Credencial añadida - servicio: GitHub, usuario: user1
